<?xml version="1.0" encoding="UTF-8"?>
<!-- Generated by org.testng.reporters.JUnitReportReporter -->
<testsuite hostname="DESKTOP-8Q0CRCJ" failures="0" tests="1" name="Test.demo" time="2.989" errors="0" timestamp="2020-12-21T22:12:57 IST" skipped="0">
  <testcase classname="Test.demo" name="t1" time="2.989"/>
  <system-out/>
</testsuite> <!-- Test.demo -->
