<?xml version="1.0" encoding="UTF-8"?>
<!-- Generated by org.testng.reporters.JUnitReportReporter -->
<testsuite hostname="DESKTOP-8Q0CRCJ" failures="0" tests="3" name="Test.getpostmethod" time="7.490" errors="0" timestamp="2020-12-22T15:37:41 IST" skipped="0">
  <testcase classname="Test.getpostmethod" name="testThird" time="0.499"/>
  <system-out/>
  <testcase classname="Test.getpostmethod" name="testSecond" time="1.626"/>
  <system-out/>
  <testcase classname="Test.getpostmethod" name="testFirst" time="5.365"/>
  <system-out/>
</testsuite> <!-- Test.getpostmethod -->
