<?xml version="1.0" encoding="UTF-8"?>
<!-- Generated by org.testng.reporters.JUnitReportReporter -->
<testsuite hostname="DESKTOP-8Q0CRCJ" failures="0" tests="3" name="Test.getpostmethodTest" time="5.672" errors="0" timestamp="2020-12-24T13:59:48 IST" skipped="0">
  <testcase classname="Test.getpostmethodTest" name="testSecond" time="0.756"/>
  <system-out/>
  <testcase classname="Test.getpostmethodTest" name="testThird" time="0.453"/>
  <system-out/>
  <testcase classname="Test.getpostmethodTest" name="testFirst" time="4.463"/>
  <system-out/>
</testsuite> <!-- Test.getpostmethodTest -->
